c:\users\bianca\documents\github\snake-b5\snake\debug\snake.pch
c:\users\bianca\documents\github\snake-b5\snake\debug\vc120.pdb
c:\users\bianca\documents\github\snake-b5\snake\debug\stdafx.obj
c:\users\bianca\documents\github\snake-b5\snake\debug\snake.obj
c:\users\bianca\documents\github\snake-b5\snake\debug\snake.res
c:\users\bianca\documents\github\snake-b5\snake\debug\snake.fereastra_joc.resources
c:\users\bianca\documents\github\snake-b5\snake\debug\snake.fereastra_scor.resources
c:\users\bianca\documents\github\snake-b5\snake\debug\snake.meniu.resources
c:\users\bianca\documents\github\snake-b5\snake\debug\snake.vcxproj.generateresource.cache
c:\users\bianca\documents\github\snake-b5\snake\debug\snake.vcxprojresolveassemblyreference.cache
c:\users\bianca\documents\github\snake-b5\snake\debug\fereastra_joc.obj
c:\users\bianca\documents\github\snake-b5\snake\debug\meniu.obj
c:\users\bianca\documents\github\snake-b5\snake\debug\myform.obj
c:\users\bianca\documents\github\snake-b5\snake\debug\myform1.obj
c:\users\bianca\documents\github\snake-b5\snake\debug\snake.myform.resources
c:\users\bianca\documents\github\snake-b5\snake\debug\vc120.idb
c:\users\bianca\documents\github\snake-b5\debug\snake.pdb
c:\users\bianca\documents\github\snake-b5\snake\debug\snake.tlog\cl.command.1.tlog
c:\users\bianca\documents\github\snake-b5\snake\debug\snake.tlog\cl.read.1.tlog
c:\users\bianca\documents\github\snake-b5\snake\debug\snake.tlog\cl.write.1.tlog
c:\users\bianca\documents\github\snake-b5\snake\debug\snake.tlog\link.2856-cvtres.read.1.tlog
c:\users\bianca\documents\github\snake-b5\snake\debug\snake.tlog\link.2856-cvtres.write.1.tlog
c:\users\bianca\documents\github\snake-b5\snake\debug\snake.tlog\link.2856-rc.read.1.tlog
c:\users\bianca\documents\github\snake-b5\snake\debug\snake.tlog\link.2856-rc.write.1.tlog
c:\users\bianca\documents\github\snake-b5\snake\debug\snake.tlog\link.2856.read.1.tlog
c:\users\bianca\documents\github\snake-b5\snake\debug\snake.tlog\link.2856.write.1.tlog
c:\users\bianca\documents\github\snake-b5\snake\debug\snake.tlog\link.3084-cvtres.read.1.tlog
c:\users\bianca\documents\github\snake-b5\snake\debug\snake.tlog\link.3084-cvtres.write.1.tlog
c:\users\bianca\documents\github\snake-b5\snake\debug\snake.tlog\link.3084-rc.read.1.tlog
c:\users\bianca\documents\github\snake-b5\snake\debug\snake.tlog\link.3084-rc.write.1.tlog
c:\users\bianca\documents\github\snake-b5\snake\debug\snake.tlog\link.3084.read.1.tlog
c:\users\bianca\documents\github\snake-b5\snake\debug\snake.tlog\link.3084.write.1.tlog
c:\users\bianca\documents\github\snake-b5\snake\debug\snake.tlog\link.3088-cvtres.read.1.tlog
c:\users\bianca\documents\github\snake-b5\snake\debug\snake.tlog\link.3088-cvtres.write.1.tlog
c:\users\bianca\documents\github\snake-b5\snake\debug\snake.tlog\link.3088-rc.read.1.tlog
c:\users\bianca\documents\github\snake-b5\snake\debug\snake.tlog\link.3088-rc.write.1.tlog
c:\users\bianca\documents\github\snake-b5\snake\debug\snake.tlog\link.3088.read.1.tlog
c:\users\bianca\documents\github\snake-b5\snake\debug\snake.tlog\link.3088.write.1.tlog
c:\users\bianca\documents\github\snake-b5\snake\debug\snake.tlog\link.3724-cvtres.read.1.tlog
c:\users\bianca\documents\github\snake-b5\snake\debug\snake.tlog\link.3724-cvtres.write.1.tlog
c:\users\bianca\documents\github\snake-b5\snake\debug\snake.tlog\link.3724-rc.read.1.tlog
c:\users\bianca\documents\github\snake-b5\snake\debug\snake.tlog\link.3724-rc.write.1.tlog
c:\users\bianca\documents\github\snake-b5\snake\debug\snake.tlog\link.3724.read.1.tlog
c:\users\bianca\documents\github\snake-b5\snake\debug\snake.tlog\link.3724.write.1.tlog
c:\users\bianca\documents\github\snake-b5\snake\debug\snake.tlog\link.4544-cvtres.read.1.tlog
c:\users\bianca\documents\github\snake-b5\snake\debug\snake.tlog\link.4544-cvtres.write.1.tlog
c:\users\bianca\documents\github\snake-b5\snake\debug\snake.tlog\link.4544-rc.read.1.tlog
c:\users\bianca\documents\github\snake-b5\snake\debug\snake.tlog\link.4544-rc.write.1.tlog
c:\users\bianca\documents\github\snake-b5\snake\debug\snake.tlog\link.4544.read.1.tlog
c:\users\bianca\documents\github\snake-b5\snake\debug\snake.tlog\link.4544.write.1.tlog
c:\users\bianca\documents\github\snake-b5\snake\debug\snake.tlog\link.6012-cvtres.read.1.tlog
c:\users\bianca\documents\github\snake-b5\snake\debug\snake.tlog\link.6012-cvtres.write.1.tlog
c:\users\bianca\documents\github\snake-b5\snake\debug\snake.tlog\link.6012-rc.read.1.tlog
c:\users\bianca\documents\github\snake-b5\snake\debug\snake.tlog\link.6012-rc.write.1.tlog
c:\users\bianca\documents\github\snake-b5\snake\debug\snake.tlog\link.6012.read.1.tlog
c:\users\bianca\documents\github\snake-b5\snake\debug\snake.tlog\link.6012.write.1.tlog
c:\users\bianca\documents\github\snake-b5\snake\debug\snake.tlog\link.6724-cvtres.read.1.tlog
c:\users\bianca\documents\github\snake-b5\snake\debug\snake.tlog\link.6724-cvtres.write.1.tlog
c:\users\bianca\documents\github\snake-b5\snake\debug\snake.tlog\link.6724-rc.read.1.tlog
c:\users\bianca\documents\github\snake-b5\snake\debug\snake.tlog\link.6724-rc.write.1.tlog
c:\users\bianca\documents\github\snake-b5\snake\debug\snake.tlog\link.6724.read.1.tlog
c:\users\bianca\documents\github\snake-b5\snake\debug\snake.tlog\link.6724.write.1.tlog
c:\users\bianca\documents\github\snake-b5\snake\debug\snake.tlog\link.6816-cvtres.read.1.tlog
c:\users\bianca\documents\github\snake-b5\snake\debug\snake.tlog\link.6816-cvtres.write.1.tlog
c:\users\bianca\documents\github\snake-b5\snake\debug\snake.tlog\link.6816-rc.read.1.tlog
c:\users\bianca\documents\github\snake-b5\snake\debug\snake.tlog\link.6816-rc.write.1.tlog
c:\users\bianca\documents\github\snake-b5\snake\debug\snake.tlog\link.6816.read.1.tlog
c:\users\bianca\documents\github\snake-b5\snake\debug\snake.tlog\link.6816.write.1.tlog
c:\users\bianca\documents\github\snake-b5\snake\debug\snake.tlog\link.6980-cvtres.read.1.tlog
c:\users\bianca\documents\github\snake-b5\snake\debug\snake.tlog\link.6980-cvtres.write.1.tlog
c:\users\bianca\documents\github\snake-b5\snake\debug\snake.tlog\link.6980-rc.read.1.tlog
c:\users\bianca\documents\github\snake-b5\snake\debug\snake.tlog\link.6980-rc.write.1.tlog
c:\users\bianca\documents\github\snake-b5\snake\debug\snake.tlog\link.6980.read.1.tlog
c:\users\bianca\documents\github\snake-b5\snake\debug\snake.tlog\link.6980.write.1.tlog
c:\users\bianca\documents\github\snake-b5\snake\debug\snake.tlog\link.command.1.tlog
c:\users\bianca\documents\github\snake-b5\snake\debug\snake.tlog\link.read.1.tlog
c:\users\bianca\documents\github\snake-b5\snake\debug\snake.tlog\link.write.1.tlog
c:\users\bianca\documents\github\snake-b5\snake\debug\snake.tlog\rc.command.1.tlog
c:\users\bianca\documents\github\snake-b5\snake\debug\snake.tlog\rc.read.1.tlog
c:\users\bianca\documents\github\snake-b5\snake\debug\snake.tlog\rc.write.1.tlog
c:\users\bianca\documents\github\snake-b5\snake\debug\snake.tlog\snake.write.1u.tlog
